<?xml version="1.0" encoding="UTF-8"?>
<testng-results skipped="6" failed="0" total="6" passed="0">
  <reporter-output>
  </reporter-output>
  <suite name="Default suite" duration-ms="2521" started-at="2015-04-22T18:16:13Z" finished-at="2015-04-22T18:16:15Z">
    <groups>
    </groups>
    <test name="Default test" duration-ms="2521" started-at="2015-04-22T18:16:13Z" finished-at="2015-04-22T18:16:15Z">
      <class name="com.magnet.mmx.selenium.WizardCustomInstall_TestNG">
        <test-method status="FAIL" signature="setUp()[pri:0, instance:com.magnet.mmx.selenium.WizardCustomInstall_TestNG@56cbfb61]" name="setUp" is-config="true" duration-ms="0" started-at="2015-04-22T11:16:13Z" finished-at="2015-04-22T11:16:13Z">
          <exception class="java.io.IOException">
            <message>
              <![CDATA[Cannot run program "startServer.sh": error=2, No such file or directory]]>
            </message>
            <full-stacktrace>
              <![CDATA[java.io.IOException: Cannot run program "startServer.sh": error=2, No such file or directory
	at java.lang.ProcessBuilder.start(ProcessBuilder.java:1048)
	at com.magnet.mmx.selenium.WizardCustomInstall_TestNG.setUp(WizardCustomInstall_TestNG.java:40)
	at sun.reflect.NativeMethodAccessorImpl.invoke0(Native Method)
	at sun.reflect.NativeMethodAccessorImpl.invoke(NativeMethodAccessorImpl.java:62)
	at sun.reflect.DelegatingMethodAccessorImpl.invoke(DelegatingMethodAccessorImpl.java:43)
	at java.lang.reflect.Method.invoke(Method.java:497)
	at org.testng.internal.MethodInvocationHelper.invokeMethod(MethodInvocationHelper.java:84)
	at org.testng.internal.Invoker.invokeConfigurationMethod(Invoker.java:564)
	at org.testng.internal.Invoker.invokeConfigurations(Invoker.java:213)
	at org.testng.internal.Invoker.invokeMethod(Invoker.java:653)
	at org.testng.internal.Invoker.invokeTestMethod(Invoker.java:901)
	at org.testng.internal.Invoker.invokeTestMethods(Invoker.java:1231)
	at org.testng.internal.TestMethodWorker.invokeTestMethods(TestMethodWorker.java:127)
	at org.testng.internal.TestMethodWorker.run(TestMethodWorker.java:111)
	at org.testng.TestRunner.privateRun(TestRunner.java:767)
	at org.testng.TestRunner.run(TestRunner.java:617)
	at org.testng.SuiteRunner.runTest(SuiteRunner.java:334)
	at org.testng.SuiteRunner.runSequentially(SuiteRunner.java:329)
	at org.testng.SuiteRunner.privateRun(SuiteRunner.java:291)
	at org.testng.SuiteRunner.run(SuiteRunner.java:240)
	at org.testng.SuiteRunnerWorker.runSuite(SuiteRunnerWorker.java:52)
	at org.testng.SuiteRunnerWorker.run(SuiteRunnerWorker.java:86)
	at org.testng.TestNG.runSuitesSequentially(TestNG.java:1224)
	at org.testng.TestNG.runSuitesLocally(TestNG.java:1149)
	at org.testng.TestNG.run(TestNG.java:1057)
	at org.testng.remote.RemoteTestNG.run(RemoteTestNG.java:111)
	at org.testng.remote.RemoteTestNG.initAndRun(RemoteTestNG.java:204)
	at org.testng.remote.RemoteTestNG.main(RemoteTestNG.java:175)
Caused by: java.io.IOException: error=2, No such file or directory
	at java.lang.UNIXProcess.forkAndExec(Native Method)
	at java.lang.UNIXProcess.<init>(UNIXProcess.java:248)
	at java.lang.ProcessImpl.start(ProcessImpl.java:134)
	at java.lang.ProcessBuilder.start(ProcessBuilder.java:1029)
	... 27 more
]]>
            </full-stacktrace>
          </exception> <!-- java.io.IOException -->
          <reporter-output>
          </reporter-output>
        </test-method> <!-- setUp -->
        <test-method status="SKIP" signature="InitialSetup()[pri:0, instance:com.magnet.mmx.selenium.WizardCustomInstall_TestNG@56cbfb61]" name="InitialSetup" duration-ms="1" started-at="2015-04-22T11:16:15Z" finished-at="2015-04-22T11:16:15Z">
          <reporter-output>
          </reporter-output>
        </test-method> <!-- InitialSetup -->
        <test-method status="SKIP" signature="tearDown()[pri:0, instance:com.magnet.mmx.selenium.WizardCustomInstall_TestNG@56cbfb61]" name="tearDown" is-config="true" duration-ms="0" started-at="2015-04-22T11:16:15Z" finished-at="2015-04-22T11:16:15Z">
          <reporter-output>
          </reporter-output>
        </test-method> <!-- tearDown -->
        <test-method status="SKIP" signature="setUp()[pri:0, instance:com.magnet.mmx.selenium.WizardCustomInstall_TestNG@56cbfb61]" name="setUp" is-config="true" duration-ms="0" started-at="2015-04-22T11:16:15Z" finished-at="2015-04-22T11:16:15Z">
          <reporter-output>
          </reporter-output>
        </test-method> <!-- setUp -->
        <test-method status="SKIP" signature="tearDown()[pri:0, instance:com.magnet.mmx.selenium.WizardCustomInstall_TestNG@56cbfb61]" name="tearDown" is-config="true" duration-ms="0" started-at="2015-04-22T11:16:15Z" finished-at="2015-04-22T11:16:15Z">
          <reporter-output>
          </reporter-output>
        </test-method> <!-- tearDown -->
        <test-method status="SKIP" signature="Sign_inNout()[pri:0, instance:com.magnet.mmx.selenium.WizardCustomInstall_TestNG@56cbfb61]" name="Sign_inNout" duration-ms="0" started-at="2015-04-22T11:16:15Z" finished-at="2015-04-22T11:16:15Z">
          <reporter-output>
          </reporter-output>
        </test-method> <!-- Sign_inNout -->
        <test-method status="SKIP" signature="testConfigurationReset_0()[pri:0, instance:com.magnet.mmx.selenium.WizardCustomInstall_TestNG@56cbfb61]" name="testConfigurationReset_0" duration-ms="1" started-at="2015-04-22T11:16:15Z" finished-at="2015-04-22T11:16:15Z">
          <reporter-output>
          </reporter-output>
        </test-method> <!-- testConfigurationReset_0 -->
        <test-method status="SKIP" signature="setUp()[pri:0, instance:com.magnet.mmx.selenium.WizardCustomInstall_TestNG@56cbfb61]" name="setUp" is-config="true" duration-ms="0" started-at="2015-04-22T11:16:15Z" finished-at="2015-04-22T11:16:15Z">
          <reporter-output>
          </reporter-output>
        </test-method> <!-- setUp -->
        <test-method status="SKIP" signature="tearDown()[pri:0, instance:com.magnet.mmx.selenium.WizardCustomInstall_TestNG@56cbfb61]" name="tearDown" is-config="true" duration-ms="0" started-at="2015-04-22T11:16:15Z" finished-at="2015-04-22T11:16:15Z">
          <reporter-output>
          </reporter-output>
        </test-method> <!-- tearDown -->
        <test-method status="SKIP" signature="setUp()[pri:0, instance:com.magnet.mmx.selenium.WizardCustomInstall_TestNG@56cbfb61]" name="setUp" is-config="true" duration-ms="0" started-at="2015-04-22T11:16:15Z" finished-at="2015-04-22T11:16:15Z">
          <reporter-output>
          </reporter-output>
        </test-method> <!-- setUp -->
        <test-method status="SKIP" signature="testConfigurationReset_1()[pri:0, instance:com.magnet.mmx.selenium.WizardCustomInstall_TestNG@56cbfb61]" name="testConfigurationReset_1" duration-ms="0" started-at="2015-04-22T11:16:15Z" finished-at="2015-04-22T11:16:15Z">
          <reporter-output>
          </reporter-output>
        </test-method> <!-- testConfigurationReset_1 -->
        <test-method status="SKIP" signature="tearDown()[pri:0, instance:com.magnet.mmx.selenium.WizardCustomInstall_TestNG@56cbfb61]" name="tearDown" is-config="true" duration-ms="0" started-at="2015-04-22T11:16:15Z" finished-at="2015-04-22T11:16:15Z">
          <reporter-output>
          </reporter-output>
        </test-method> <!-- tearDown -->
        <test-method status="SKIP" signature="setUp()[pri:0, instance:com.magnet.mmx.selenium.WizardCustomInstall_TestNG@56cbfb61]" name="setUp" is-config="true" duration-ms="0" started-at="2015-04-22T11:16:15Z" finished-at="2015-04-22T11:16:15Z">
          <reporter-output>
          </reporter-output>
        </test-method> <!-- setUp -->
        <test-method status="SKIP" signature="testConfigurationReset_2()[pri:0, instance:com.magnet.mmx.selenium.WizardCustomInstall_TestNG@56cbfb61]" name="testConfigurationReset_2" duration-ms="0" started-at="2015-04-22T11:16:15Z" finished-at="2015-04-22T11:16:15Z">
          <reporter-output>
          </reporter-output>
        </test-method> <!-- testConfigurationReset_2 -->
        <test-method status="SKIP" signature="tearDown()[pri:0, instance:com.magnet.mmx.selenium.WizardCustomInstall_TestNG@56cbfb61]" name="tearDown" is-config="true" duration-ms="0" started-at="2015-04-22T11:16:15Z" finished-at="2015-04-22T11:16:15Z">
          <reporter-output>
          </reporter-output>
        </test-method> <!-- tearDown -->
        <test-method status="SKIP" signature="setUp()[pri:0, instance:com.magnet.mmx.selenium.WizardCustomInstall_TestNG@56cbfb61]" name="setUp" is-config="true" duration-ms="0" started-at="2015-04-22T11:16:15Z" finished-at="2015-04-22T11:16:15Z">
          <reporter-output>
          </reporter-output>
        </test-method> <!-- setUp -->
        <test-method status="SKIP" signature="testConfiguration_CommonReset()[pri:0, instance:com.magnet.mmx.selenium.WizardCustomInstall_TestNG@56cbfb61]" name="testConfiguration_CommonReset" duration-ms="1" started-at="2015-04-22T11:16:15Z" finished-at="2015-04-22T11:16:15Z">
          <reporter-output>
          </reporter-output>
        </test-method> <!-- testConfiguration_CommonReset -->
        <test-method status="SKIP" signature="tearDown()[pri:0, instance:com.magnet.mmx.selenium.WizardCustomInstall_TestNG@56cbfb61]" name="tearDown" is-config="true" duration-ms="0" started-at="2015-04-22T11:16:15Z" finished-at="2015-04-22T11:16:15Z">
          <reporter-output>
          </reporter-output>
        </test-method> <!-- tearDown -->
      </class> <!-- com.magnet.mmx.selenium.WizardCustomInstall_TestNG -->
    </test> <!-- Default test -->
  </suite> <!-- Default suite -->
</testng-results>
