<?xml version="1.0" encoding="UTF-8"?>
<!-- Generated by org.testng.reporters.JUnitReportReporter -->
<testsuite hostname="Dmitrys-MacBook-Pro.local" name="com.magnet.mmx.selenium.WizardStandardInstall_TestNG" tests="6" failures="1" timestamp="22 Apr 2015 11:09:41 GMT" time="234.996" errors="0">
  <testcase name="test_1_ConfigurationReset_Accounts" time="30.396" classname="com.magnet.mmx.selenium.WizardStandardInstall_TestNG"/>
  <testcase name="test_1_ConfigurationReset_NewUserLogin" time="5.600" classname="com.magnet.mmx.selenium.WizardStandardInstall_TestNG"/>
  <testcase name="test_2_ConfigurationReset_Logs" time="139.560" classname="com.magnet.mmx.selenium.WizardStandardInstall_TestNG"/>
  <testcase name="test_4_ConfigurationReset_allTabs" time="1.739" classname="com.magnet.mmx.selenium.WizardStandardInstall_TestNG">
    <failure type="java.lang.AssertionError" message="java.lang.AssertionError: expected:&lt;Invite-Confirmation&gt; but was:&lt;Forgot-Password&gt;">
      <![CDATA[java.lang.AssertionError: java.lang.AssertionError: expected:<Invite-Confirmation> but was:<Forgot-Password>
	at org.testng.Assert.fail(Assert.java:94)
	at com.magnet.mmx.selenium.WizardStandardInstall_TestNG.tearDown(WizardStandardInstall_TestNG.java:590)
	at sun.reflect.NativeMethodAccessorImpl.invoke0(Native Method)
	at sun.reflect.NativeMethodAccessorImpl.invoke(NativeMethodAccessorImpl.java:62)
	at sun.reflect.DelegatingMethodAccessorImpl.invoke(DelegatingMethodAccessorImpl.java:43)
	at java.lang.reflect.Method.invoke(Method.java:497)
	at org.testng.internal.MethodInvocationHelper.invokeMethod(MethodInvocationHelper.java:84)
	at org.testng.internal.Invoker.invokeConfigurationMethod(Invoker.java:564)
	at org.testng.internal.Invoker.invokeConfigurations(Invoker.java:213)
	at org.testng.internal.Invoker.invokeMethod(Invoker.java:786)
	at org.testng.internal.Invoker.invokeTestMethod(Invoker.java:901)
	at org.testng.internal.Invoker.invokeTestMethods(Invoker.java:1231)
	at org.testng.internal.TestMethodWorker.invokeTestMethods(TestMethodWorker.java:127)
	at org.testng.internal.TestMethodWorker.run(TestMethodWorker.java:111)
	at org.testng.TestRunner.privateRun(TestRunner.java:767)
	at org.testng.TestRunner.run(TestRunner.java:617)
	at org.testng.SuiteRunner.runTest(SuiteRunner.java:334)
	at org.testng.SuiteRunner.runSequentially(SuiteRunner.java:329)
	at org.testng.SuiteRunner.privateRun(SuiteRunner.java:291)
	at org.testng.SuiteRunner.run(SuiteRunner.java:240)
	at org.testng.SuiteRunnerWorker.runSuite(SuiteRunnerWorker.java:52)
	at org.testng.SuiteRunnerWorker.run(SuiteRunnerWorker.java:86)
	at org.testng.TestNG.runSuitesSequentially(TestNG.java:1224)
	at org.testng.TestNG.runSuitesLocally(TestNG.java:1149)
	at org.testng.TestNG.run(TestNG.java:1057)
	at org.testng.remote.RemoteTestNG.run(RemoteTestNG.java:111)
	at org.testng.remote.RemoteTestNG.initAndRun(RemoteTestNG.java:204)
	at org.testng.remote.RemoteTestNG.main(RemoteTestNG.java:175)
]]>
    </failure>
  </testcase> <!-- test_4_ConfigurationReset_allTabs -->
  <testcase name="test_0__StandardInstall" time="23.343" classname="com.magnet.mmx.selenium.WizardStandardInstall_TestNG"/>
  <testcase name="test_3_ConfigurationReset_Template" time="34.358" classname="com.magnet.mmx.selenium.WizardStandardInstall_TestNG"/>
</testsuite> <!-- com.magnet.mmx.selenium.WizardStandardInstall_TestNG -->
